<?xml version="1.0" encoding="UTF-8"?>
<!-- Generated by org.testng.reporters.JUnitReportReporter -->
<testsuite hostname="DESKTOP-MR9ETKA" failures="0" tests="1" name="com.demoTestCases.demo" time="12.701" errors="0" timestamp="2021-11-02T22:31:04 IST" skipped="0">
  <testcase classname="com.demoTestCases.demo" name="sample" time="12.701"/>
  <system-out/>
</testsuite> <!-- com.demoTestCases.demo -->
